Thu Sep 14 22:23:56 CST 2017  [debug] AvalonLogSystem initialized using logfile 'D:\git repository\web back\web-back\.metadata\.plugins\com.genuitec.eclipse.templates\velocity.log'
Thu Sep 14 22:23:56 CST 2017   [info] ************************************************************** 
Thu Sep 14 22:23:56 CST 2017   [info] Starting Jakarta Velocity v1.4
Thu Sep 14 22:23:56 CST 2017   [info] RuntimeInstance initializing.
Thu Sep 14 22:23:56 CST 2017   [info] Default Properties File: org\apache\velocity\runtime\defaults\velocity.properties
Thu Sep 14 22:23:56 CST 2017   [info] Trying to use logger class org.apache.velocity.runtime.log.AvalonLogSystem
Thu Sep 14 22:23:56 CST 2017   [info] Using logger class org.apache.velocity.runtime.log.AvalonLogSystem
Thu Sep 14 22:23:56 CST 2017   [info] Default ResourceManager initializing. (class org.apache.velocity.runtime.resource.ResourceManagerImpl)
Thu Sep 14 22:23:56 CST 2017   [info] Resource Loader Instantiated: com.genuitec.eclipse.templates.internal.PluginResourceLoader
Thu Sep 14 22:23:56 CST 2017   [info] ResourceCache : initialized. (class org.apache.velocity.runtime.resource.ResourceCacheImpl)
Thu Sep 14 22:23:56 CST 2017   [info] Default ResourceManager initialization complete.
Thu Sep 14 22:23:56 CST 2017   [info] Loaded System Directive: org.apache.velocity.runtime.directive.Literal
Thu Sep 14 22:23:56 CST 2017   [info] Loaded System Directive: org.apache.velocity.runtime.directive.Macro
Thu Sep 14 22:23:56 CST 2017   [info] Loaded System Directive: org.apache.velocity.runtime.directive.Parse
Thu Sep 14 22:23:56 CST 2017   [info] Loaded System Directive: org.apache.velocity.runtime.directive.Include
Thu Sep 14 22:23:56 CST 2017   [info] Loaded System Directive: org.apache.velocity.runtime.directive.Foreach
Thu Sep 14 22:23:56 CST 2017   [info] Created: 20 parsers.
Thu Sep 14 22:23:56 CST 2017   [info] Velocimacro : initialization starting.
Thu Sep 14 22:23:56 CST 2017   [info] Velocimacro : adding VMs from VM library template : VM_global_library.vm
Thu Sep 14 22:23:56 CST 2017  [error] ResourceManager : unable to find resource 'VM_global_library.vm' in any resource loader.
Thu Sep 14 22:23:56 CST 2017   [info] Velocimacro : error using  VM library template VM_global_library.vm : org.apache.velocity.exception.ResourceNotFoundException: Unable to find resource 'VM_global_library.vm'
Thu Sep 14 22:23:56 CST 2017   [info] Velocimacro :  VM library template macro registration complete.
Thu Sep 14 22:23:56 CST 2017   [info] Velocimacro : allowInline = true : VMs can be defined inline in templates
Thu Sep 14 22:23:56 CST 2017   [info] Velocimacro : allowInlineToOverride = true : VMs defined inline may replace previous VM definitions
Thu Sep 14 22:23:56 CST 2017   [info] Velocimacro : allowInlineLocal = true : VMs defined inline will be local to their defining template only.
Thu Sep 14 22:23:56 CST 2017   [info] Velocimacro : messages on  : VM system will output logging messages
Thu Sep 14 22:23:56 CST 2017   [info] Velocimacro : autoload off  : VM system will not automatically reload global library macros
Thu Sep 14 22:23:56 CST 2017   [info] Velocimacro : initialization complete.
Thu Sep 14 22:23:56 CST 2017   [info] Velocity successfully started.
Thu Sep 14 22:23:56 CST 2017   [info] ResourceManager : found templates/web.xml.vm with loader com.genuitec.eclipse.templates.internal.PluginResourceLoader
Thu Sep 14 22:24:05 CST 2017   [info] ResourceManager : found /templates/velocity/welcome/Jsp.vtl with loader com.genuitec.eclipse.templates.internal.PluginResourceLoader
Thu Sep 14 22:37:45 CST 2017   [info] ResourceManager : found templates/jsp/Jsp.vtl with loader com.genuitec.eclipse.templates.internal.PluginResourceLoader
Thu Sep 14 22:37:45 CST 2017   [info] ResourceManager : found templates/jsp/JSPMetaTags.vtl with loader com.genuitec.eclipse.templates.internal.PluginResourceLoader
Thu Sep 14 22:50:44 CST 2017   [info] ResourceManager : found templates/jsp/Jsp.vtl with loader com.genuitec.eclipse.templates.internal.PluginResourceLoader
Thu Sep 14 22:50:44 CST 2017   [info] ResourceManager : found templates/jsp/JSPMetaTags.vtl with loader com.genuitec.eclipse.templates.internal.PluginResourceLoader
Thu Sep 14 22:58:01 CST 2017   [info] ResourceManager : found templates/jsp/Jsp.vtl with loader com.genuitec.eclipse.templates.internal.PluginResourceLoader
Thu Sep 14 22:58:01 CST 2017   [info] ResourceManager : found templates/jsp/JSPMetaTags.vtl with loader com.genuitec.eclipse.templates.internal.PluginResourceLoader
